[05-Aug-2025 20:59:11 Europe/Berlin] PHP Warning:  mysqli::__construct(): (HY000/2002): No se puede establecer una conexión ya que el equipo de destino denegó expresamente dicha conexión in C:\xampp\htdocs\Proyecto_final\backend\config\conexion.php on line 8
[05-Aug-2025 20:59:14 Europe/Berlin] PHP Warning:  mysqli::__construct(): (HY000/2002): No se puede establecer una conexión ya que el equipo de destino denegó expresamente dicha conexión in C:\xampp\htdocs\Proyecto_final\backend\config\conexion.php on line 8
[05-Aug-2025 20:59:15 Europe/Berlin] PHP Warning:  mysqli::__construct(): (HY000/2002): No se puede establecer una conexión ya que el equipo de destino denegó expresamente dicha conexión in C:\xampp\htdocs\Proyecto_final\backend\config\conexion.php on line 8
[14-Aug-2025 08:03:10 Europe/Berlin] PHP Fatal error:  Uncaught mysqli_sql_exception: Unknown database 'el_palacio' in C:\xampp\htdocs\Proyecto_final\backend\config\conexion.php:8
Stack trace:
#0 C:\xampp\htdocs\Proyecto_final\backend\config\conexion.php(8): mysqli->__construct('localhost', 'root', Object(SensitiveParameterValue), 'el_palacio')
#1 C:\xampp\htdocs\Proyecto_final\backend\controlador\productos.php(2): require_once('C:\\xampp\\htdocs...')
#2 C:\xampp\htdocs\Proyecto_final\backend\api\api_productos.php(16): require('C:\\xampp\\htdocs...')
#3 {main}
  thrown in C:\xampp\htdocs\Proyecto_final\backend\config\conexion.php on line 8
[14-Aug-2025 08:08:18 Europe/Berlin] PHP Fatal error:  Uncaught mysqli_sql_exception: No se puede establecer una conexión ya que el equipo de destino denegó expresamente dicha conexión in C:\xampp\htdocs\Proyecto_final\backend\config\conexion.php:8
Stack trace:
#0 C:\xampp\htdocs\Proyecto_final\backend\config\conexion.php(8): mysqli->__construct('localhost', 'root', Object(SensitiveParameterValue), 'el_palacio')
#1 C:\xampp\htdocs\Proyecto_final\backend\controlador\usuarios.php(2): require_once('C:\\xampp\\htdocs...')
#2 C:\xampp\htdocs\Proyecto_final\backend\api\api_usuarios.php(16): require('C:\\xampp\\htdocs...')
#3 {main}
  thrown in C:\xampp\htdocs\Proyecto_final\backend\config\conexion.php on line 8
[14-Aug-2025 08:08:19 Europe/Berlin] PHP Fatal error:  Uncaught mysqli_sql_exception: No se puede establecer una conexión ya que el equipo de destino denegó expresamente dicha conexión in C:\xampp\htdocs\Proyecto_final\backend\config\conexion.php:8
Stack trace:
#0 C:\xampp\htdocs\Proyecto_final\backend\config\conexion.php(8): mysqli->__construct('localhost', 'root', Object(SensitiveParameterValue), 'el_palacio')
#1 C:\xampp\htdocs\Proyecto_final\backend\controlador\usuarios.php(2): require_once('C:\\xampp\\htdocs...')
#2 C:\xampp\htdocs\Proyecto_final\backend\api\api_usuarios.php(16): require('C:\\xampp\\htdocs...')
#3 {main}
  thrown in C:\xampp\htdocs\Proyecto_final\backend\config\conexion.php on line 8
[14-Aug-2025 08:08:20 Europe/Berlin] PHP Fatal error:  Uncaught mysqli_sql_exception: No se puede establecer una conexión ya que el equipo de destino denegó expresamente dicha conexión in C:\xampp\htdocs\Proyecto_final\backend\config\conexion.php:8
Stack trace:
#0 C:\xampp\htdocs\Proyecto_final\backend\config\conexion.php(8): mysqli->__construct('localhost', 'root', Object(SensitiveParameterValue), 'el_palacio')
#1 C:\xampp\htdocs\Proyecto_final\backend\controlador\usuarios.php(2): require_once('C:\\xampp\\htdocs...')
#2 C:\xampp\htdocs\Proyecto_final\backend\api\api_usuarios.php(16): require('C:\\xampp\\htdocs...')
#3 {main}
  thrown in C:\xampp\htdocs\Proyecto_final\backend\config\conexion.php on line 8
[14-Aug-2025 08:08:20 Europe/Berlin] PHP Fatal error:  Uncaught mysqli_sql_exception: No se puede establecer una conexión ya que el equipo de destino denegó expresamente dicha conexión in C:\xampp\htdocs\Proyecto_final\backend\config\conexion.php:8
Stack trace:
#0 C:\xampp\htdocs\Proyecto_final\backend\config\conexion.php(8): mysqli->__construct('localhost', 'root', Object(SensitiveParameterValue), 'el_palacio')
#1 C:\xampp\htdocs\Proyecto_final\backend\controlador\usuarios.php(2): require_once('C:\\xampp\\htdocs...')
#2 C:\xampp\htdocs\Proyecto_final\backend\api\api_usuarios.php(16): require('C:\\xampp\\htdocs...')
#3 {main}
  thrown in C:\xampp\htdocs\Proyecto_final\backend\config\conexion.php on line 8
[14-Aug-2025 08:08:24 Europe/Berlin] PHP Fatal error:  Uncaught mysqli_sql_exception: No se puede establecer una conexión ya que el equipo de destino denegó expresamente dicha conexión in C:\xampp\htdocs\Proyecto_final\backend\config\conexion.php:8
Stack trace:
#0 C:\xampp\htdocs\Proyecto_final\backend\config\conexion.php(8): mysqli->__construct('localhost', 'root', Object(SensitiveParameterValue), 'el_palacio')
#1 C:\xampp\htdocs\Proyecto_final\backend\controlador\usuarios.php(2): require_once('C:\\xampp\\htdocs...')
#2 C:\xampp\htdocs\Proyecto_final\backend\api\api_usuarios.php(16): require('C:\\xampp\\htdocs...')
#3 {main}
  thrown in C:\xampp\htdocs\Proyecto_final\backend\config\conexion.php on line 8
[15-Nov-2025 21:17:55 Europe/Berlin] PHP Warning:  mysqli::__construct(): (HY000/2002): No se puede establecer una conexión ya que el equipo de destino denegó expresamente dicha conexión in C:\xampp\htdocs\Proyecto_final\backend\config\conexion.php on line 8
[15-Nov-2025 21:17:55 Europe/Berlin] PHP Fatal error:  Uncaught Exception: Error de conexión: No se puede establecer una conexión ya que el equipo de destino denegó expresamente dicha conexión in C:\xampp\htdocs\Proyecto_final\backend\config\conexion.php:10
Stack trace:
#0 C:\xampp\htdocs\Proyecto_final\backend\controlador\productos.php(2): require_once()
#1 C:\xampp\htdocs\Proyecto_final\backend\api\api_productos.php(17): require('C:\\xampp\\htdocs...')
#2 {main}
  thrown in C:\xampp\htdocs\Proyecto_final\backend\config\conexion.php on line 10
[15-Nov-2025 21:17:55 Europe/Berlin] PHP Warning:  mysqli::__construct(): (HY000/2002): No se puede establecer una conexión ya que el equipo de destino denegó expresamente dicha conexión in C:\xampp\htdocs\Proyecto_final\backend\config\conexion.php on line 8
[15-Nov-2025 21:17:55 Europe/Berlin] PHP Fatal error:  Uncaught Exception: Error de conexión: No se puede establecer una conexión ya que el equipo de destino denegó expresamente dicha conexión in C:\xampp\htdocs\Proyecto_final\backend\config\conexion.php:10
Stack trace:
#0 C:\xampp\htdocs\Proyecto_final\backend\controlador\productos.php(2): require_once()
#1 C:\xampp\htdocs\Proyecto_final\backend\api\api_productos.php(17): require('C:\\xampp\\htdocs...')
#2 {main}
  thrown in C:\xampp\htdocs\Proyecto_final\backend\config\conexion.php on line 10
[15-Nov-2025 21:17:56 Europe/Berlin] PHP Warning:  mysqli::__construct(): (HY000/2002): No se puede establecer una conexión ya que el equipo de destino denegó expresamente dicha conexión in C:\xampp\htdocs\Proyecto_final\backend\config\conexion.php on line 8
[15-Nov-2025 21:17:56 Europe/Berlin] PHP Fatal error:  Uncaught Exception: Error de conexión: No se puede establecer una conexión ya que el equipo de destino denegó expresamente dicha conexión in C:\xampp\htdocs\Proyecto_final\backend\config\conexion.php:10
Stack trace:
#0 C:\xampp\htdocs\Proyecto_final\backend\controlador\productos.php(2): require_once()
#1 C:\xampp\htdocs\Proyecto_final\backend\api\api_productos.php(17): require('C:\\xampp\\htdocs...')
#2 {main}
  thrown in C:\xampp\htdocs\Proyecto_final\backend\config\conexion.php on line 10
